<?xml version="1.0" encoding="UTF-8"?>
<testng-results total="1" passed="1" failed="0" skipped="0">
  <reporter-output>
  </reporter-output>
  <suite started-at="2025-09-12T20:16:00Z" name="MyTestSuite" finished-at="2025-09-12T20:16:42Z" duration-ms="42284">
    <groups>
      <group name="cucumber">
        <method signature="AbstractTestNGCucumberTests.runScenario(io.cucumber.testng.PickleWrapper, io.cucumber.testng.FeatureWrapper)[pri:0, instance:Runner.Testng_Runner@18271936]" name="runScenario" class="io.cucumber.testng.AbstractTestNGCucumberTests"/>
      </group>
    </groups>
    <test started-at="2025-09-12T20:16:00Z" name="PackageTest" finished-at="2025-09-12T20:16:42Z" duration-ms="42284">
      <class name="Runner.Testng_Runner">
        <test-method is-config="true" signature="setUpClass(org.testng.ITestContext)[pri:0, instance:Runner.Testng_Runner@18271936]" started-at="2025-09-12T20:16:00Z" name="setUpClass" finished-at="2025-09-12T20:16:01Z" duration-ms="1117" status="PASS">
          <params>
            <param index="0">
              <value>
                <![CDATA[org.testng.TestRunner@5b799640]]>
              </value>
            </param>
          </params>
        </test-method>
        <test-method signature="runScenario(io.cucumber.testng.PickleWrapper, io.cucumber.testng.FeatureWrapper)[pri:0, instance:Runner.Testng_Runner@18271936]" started-at="2025-09-12T20:16:01Z" name="runScenario" description="Runs Cucumber Scenarios" finished-at="2025-09-12T20:16:36Z" duration-ms="35783" status="PASS">
          <params>
            <param index="0">
              <value>
                <![CDATA["Login user"]]>
              </value>
            </param>
            <param index="1">
              <value>
                <![CDATA["Perform Login"]]>
              </value>
            </param>
          </params>
        </test-method>
        <test-method is-config="true" signature="tearDownClass()[pri:0, instance:Runner.Testng_Runner@18271936]" started-at="2025-09-12T20:16:36Z" name="tearDownClass" finished-at="2025-09-12T20:16:42Z" duration-ms="5356" status="PASS">
        </test-method>
      </class>
    </test>
  </suite>
</testng-results>
