<?xml version="1.0" encoding="UTF-8"?>
<testsuite xmlns:xsi="http://www.w3.org/2001/XMLSchema-instance" xsi:noNamespaceSchemaLocation="https://maven.apache.org/surefire/maven-surefire-plugin/xsd/surefire-test-report-3.0.xsd" version="3.0" name="TestSuite" time="45.054" tests="1" errors="0" skipped="0" failures="0">
  <properties>
[...]
</properties>
  <testcase name="runScenario[&quot;Login user&quot;, &quot;Perform Login&quot;](1)" classname="Runner.Testng_Runner" time="35.841">
    <system-out><![CDATA[
Scenario Outline: Login user                        &amp#27;[90m# src/test/resources/features/Testcase1.feature:13&amp#27;[0m
  &amp#27;[32mGiven &amp#27;[0m&amp#27;[32mNavigate to the URL&amp#27;[0m                         &amp#27;[90m# Step_definitions.testcase_1_step_definition.navigate_to_the_url()&amp#27;[0m

    Embedding screenshot [image/png 126247 bytes]

  &amp#27;[32mWhen &amp#27;[0m&amp#27;[32mclick on log in link&amp#27;[0m                         &amp#27;[90m# Step_definitions.testcase_1_step_definition.click_on_log_in_link()&amp#27;[0m

    Embedding screenshot [image/png 102847 bytes]

  &amp#27;[32mAnd &amp#27;[0m&amp#27;[32mfill email &amp#27;[0m&amp#27;[32m&amp#27;[1m"kjhfdhhrg@gmail.com"&amp#27;[0m              &amp#27;[90m# Step_definitions.testcase_1_step_definition.fill_email(java.lang.String)&amp#27;[0m

    Embedding screenshot [image/png 106265 bytes]

  &amp#27;[32mAnd &amp#27;[0m&amp#27;[32mfill password &amp#27;[0m&amp#27;[32m&amp#27;[1m"testuser"&amp#27;[0m                      &amp#27;[90m# Step_definitions.testcase_1_step_definition.fill_password(java.lang.String)&amp#27;[0m

    Embedding screenshot [image/png 106335 bytes]

  &amp#27;[32mAnd &amp#27;[0m&amp#27;[32mclick on login button&amp#27;[0m                         &amp#27;[90m# Step_definitions.testcase_1_step_definition.click_on_login_button()&amp#27;[0m

    Embedding screenshot [image/png 128046 bytes]

  &amp#27;[32mWhen &amp#27;[0m&amp#27;[32mverify mail id link in the home after login.&amp#27;[0m &amp#27;[90m# Step_definitions.testcase_1_step_definition.verify_mail_id_link_in_the_home_after_login()&amp#27;[0m

    Embedding screenshot [image/png 128086 bytes]

]]></system-out>
    <system-err><![CDATA[SLF4J: No SLF4J providers were found.
SLF4J: Defaulting to no-operation (NOP) logger implementation
SLF4J: See https://www.slf4j.org/codes.html#noProviders for further details.
Starting ChromeDriver 140.0.7339.82 (bc93617e21c39ed4afa6ce1c08554e5aa76d132d-refs/branch-heads/7339_41@{#5}) on port 3027
Only local connections are allowed.
Please see https://chromedriver.chromium.org/security-considerations for suggestions on keeping ChromeDriver safe.
ChromeDriver was started successfully on port 3027.
Sep 12, 2025 8:16:23 PM org.openqa.selenium.remote.ProtocolHandshake createSession
INFO: Detected dialect: W3C
]]></system-err>
  </testcase>
</testsuite>